<?xml version="1.0" encoding="UTF-8" ?>
<testsuite tests="2" failures="2" name="TestSuite" time="44.992" errors="0" skipped="0">
  <properties>
[...]
</properties>
  <testcase classname="cucumberOptions.TestNGTestRunner" name="runScenario" time="21.656">
    <failure message="Unable to locate element: //input[@type=&apos;search&apos;]
For documentation on this error, please visit: https://selenium.dev/exceptions/#no_such_element
Build info: version: &apos;4.9.1&apos;, revision: &apos;eb2032df7f&apos;
System info: os.name: &apos;Windows 11&apos;, os.arch: &apos;amd64&apos;, os.version: &apos;10.0&apos;, java.version: &apos;11.0.14&apos;
Driver info: org.openqa.selenium.firefox.FirefoxDriver
Command: [88b1570f-6666-4060-b8a0-476a4aed0857, findElement {using=xpath, value=//input[@type=&apos;search&apos;]}]
Capabilities {acceptInsecureCerts: true, browserName: firefox, browserVersion: 114.0, moz:accessibilityChecks: false, moz:buildID: 20230601151220, moz:debuggerAddress: 127.0.0.1:28172, moz:geckodriverVersion: 0.33.0, moz:headless: false, moz:platformVersion: 10.0, moz:processID: 20440, moz:profile: C:\Users\ashar\AppData\Loca..., moz:shutdownTimeout: 60000, moz:useNonSpecCompliantPointerOrigin: false, moz:webdriverClick: true, moz:windowless: false, pageLoadStrategy: normal, platformName: windows, proxy: Proxy(), se:cdp: ws://127.0.0.1:28172/devtoo..., se:cdpVersion: 85.0, setWindowRect: true, strictFileInteractability: false, timeouts: {implicit: 0, pageLoad: 300000, script: 30000}, unhandledPromptBehavior: dismiss and notify}
Session ID: 88b1570f-6666-4060-b8a0-476a4aed0857" type="org.openqa.selenium.NoSuchElementException">org.openqa.selenium.NoSuchElementException: Unable to locate element: //input[@type=&apos;search&apos;]
For documentation on this error, please visit: https://selenium.dev/exceptions/#no_such_element
Build info: version: &apos;4.9.1&apos;, revision: &apos;eb2032df7f&apos;
System info: os.name: &apos;Windows 11&apos;, os.arch: &apos;amd64&apos;, os.version: &apos;10.0&apos;, java.version: &apos;11.0.14&apos;
Driver info: org.openqa.selenium.firefox.FirefoxDriver
Command: [88b1570f-6666-4060-b8a0-476a4aed0857, findElement {using=xpath, value=//input[@type=&apos;search&apos;]}]
Capabilities {acceptInsecureCerts: true, browserName: firefox, browserVersion: 114.0, moz:accessibilityChecks: false, moz:buildID: 20230601151220, moz:debuggerAddress: 127.0.0.1:28172, moz:geckodriverVersion: 0.33.0, moz:headless: false, moz:platformVersion: 10.0, moz:processID: 20440, moz:profile: C:\Users\ashar\AppData\Loca..., moz:shutdownTimeout: 60000, moz:useNonSpecCompliantPointerOrigin: false, moz:webdriverClick: true, moz:windowless: false, pageLoadStrategy: normal, platformName: windows, proxy: Proxy(), se:cdp: ws://127.0.0.1:28172/devtoo..., se:cdpVersion: 85.0, setWindowRect: true, strictFileInteractability: false, timeouts: {implicit: 0, pageLoad: 300000, script: 30000}, unhandledPromptBehavior: dismiss and notify}
Session ID: 88b1570f-6666-4060-b8a0-476a4aed0857
	at java.base/jdk.internal.reflect.NativeConstructorAccessorImpl.newInstance0(Native Method)
	at java.base/jdk.internal.reflect.NativeConstructorAccessorImpl.newInstance(NativeConstructorAccessorImpl.java:62)
	at java.base/jdk.internal.reflect.DelegatingConstructorAccessorImpl.newInstance(DelegatingConstructorAccessorImpl.java:45)
	at java.base/java.lang.reflect.Constructor.newInstance(Constructor.java:490)
	at org.openqa.selenium.remote.codec.w3c.W3CHttpResponseCodec.createException(W3CHttpResponseCodec.java:200)
	at org.openqa.selenium.remote.codec.w3c.W3CHttpResponseCodec.decode(W3CHttpResponseCodec.java:133)
	at org.openqa.selenium.remote.codec.w3c.W3CHttpResponseCodec.decode(W3CHttpResponseCodec.java:53)
	at org.openqa.selenium.remote.HttpCommandExecutor.execute(HttpCommandExecutor.java:193)
	at org.openqa.selenium.remote.service.DriverCommandExecutor.invokeExecute(DriverCommandExecutor.java:183)
	at org.openqa.selenium.remote.service.DriverCommandExecutor.execute(DriverCommandExecutor.java:158)
	at org.openqa.selenium.remote.RemoteWebDriver.execute(RemoteWebDriver.java:543)
	at org.openqa.selenium.remote.ElementLocation$ElementFinder$2.findElement(ElementLocation.java:162)
	at org.openqa.selenium.remote.ElementLocation.findElement(ElementLocation.java:60)
	at org.openqa.selenium.remote.RemoteWebDriver.findElement(RemoteWebDriver.java:352)
	at org.openqa.selenium.remote.RemoteWebDriver.findElement(RemoteWebDriver.java:344)
	at pageObjects.OffersPage.searchItem(OffersPage.java:18)
	at stepDefinitions.OffersPageStepDefinition.user_searches_for_same_product_on_offers_page_to_check_if_product_exists(OffersPageStepDefinition.java:40)
	at ✽.User searches for Tom on offers page to check if product exists(file:///C:/Users/ashar/IdeaProjects/CucumberFrameworkBuilding/src/test/java/features/searchProduct.feature:7)
</failure>
    <system-out>Configuring TestNG with: org.apache.maven.surefire.testng.conf.TestNG652Configurator@7f416310
Tomato is extracted from the home page
https://rahulshettyacademy.com/seleniumPractise/#/offers
Beetroot is extracted from the home page
about:blank
</system-out>
    <system-err>SLF4J: Failed to load class &quot;org.slf4j.impl.StaticLoggerBinder&quot;.
SLF4J: Defaulting to no-operation (NOP) logger implementation
SLF4J: See http://www.slf4j.org/codes.html#StaticLoggerBinder for further details.
ERROR StatusLogger Log4j2 could not find a logging implementation. Please add log4j-core to the classpath. Using SimpleLogger to log to the console...
1686152862901	geckodriver	INFO	Listening on 127.0.0.1:1530
1686152862918	geckodriver	INFO	Listening on 127.0.0.1:28015
1686152864010	mozrunner::runner	INFO	Running command: &quot;C:\\Program Files\\Mozilla Firefox\\firefox.exe&quot; &quot;--marionette&quot; &quot;--remote-debugging-port&quot; &quot;28172&quot; &quot;--remote ... localhost:28172/1686152,http:/864012	/moz[:ru:1]:28172/&quot; &quot;-no-remote&quot;n n&quot;-profile&quot; &quot;C:\\User::ruenrsner	\I\ashaNFr\\AO	Running commpand: &quot;C:\\pData\Program \FiLocal\\Teles\mp\\\ruMozist_mozlla Firproefofilega4WGv&quot;
x\\firefox.exe&quot; &quot;--marionette&quot; &quot;--remote-debugging-port&quot; &quot;19431&quot; &quot;--remote ... localhost:19431/,http://[::1]:19431/&quot; &quot;-no-remote&quot; &quot;-profile&quot; &quot;C:\\Users\\ashar\\AppData\\Local\\Temp\\rust_mozprofileDBwlDX&quot;
console.warn: services.settings: Ignoring preference override of remote settings server
console.warn: services.settconsole.ings: Allwarn: ow by setting MOZservice_Rs.EMsettOTE_ingSETTINGS_DEVs:TOOLS=1 in t Ihegnoring  environment
preference override of remote settings server
console.warn: services.settings: Allow by setting MOZ_REMOTE_SETTINGS_DEVTOOLS=1 in the environment
1686152864581	Marionette	INFO	Marionette enabled
1686152864582	Marionette	INFO	Marionette enabled
Dynamically enable window occlusion 0
Dynamically enable window occlusion 0
16861686152864595	Marion1ette	INFO	Listening on port 55615
52864595	Marionette	INFO	Listening on port 55614
Read port: 55614
Read port: 55615
WebDriver BiDiW listening on ws://127.0.0.1:28172
ebDriver BiDi listening on ws://127.0.0.1:19431
1686152864833	RemoteAgent	WARN	TLS certificate errors will be ignored for this session
1686152864843	RemoteAgent	WARN	TLS certificate errors will be ignored for this session
DevTools listening on ws://127.0.0.1:19431/devtools/browser/4cfe3fc8-1cf0-44f1-a788-5de4367025c8
DevTools listening on ws://127.0.0.1:28172/devtools/browser/1c39c44a-79b8-456e-a02c-f34855fad55a
1686152877307	RemoteAgent	INFO	Perform WebSocket upgrade for incoming connection from 127.0.0.1:55723
1686152877336	CDP	WARN	Invalid browser preferences for CDP. Set &quot;fission.webContentIsolationStrategy&quot;to 0 and &quot;fission.bfcacheInParent&quot; to false before Firefox starts.
1686152877576	Marionette	INFO	Stopped listening on port 55614
Dynamically enable window occlusion 1
JavaScript error: resource://services-settings/Utils.sys.mjs, line 229: TypeError: NetworkError: Network request failed
1686152881987	RemoteAgent	INFO	Perform WebSocket upgrade for incoming connection from 127.0.0.1:55726
1686152882001	CDP	WARN	Invalid browser preferences for CDP. Set &quot;fission.webContentIsolationStrategy&quot;to 0 and &quot;fission.bfcacheInParent&quot; to false before Firefox starts.
1686152882018	Marionette	INFO	Stopped listening on port 55615
Dynamically enable window occlusion 1
</system-err>
  </testcase>
  <testcase classname="cucumberOptions.TestNGTestRunner" name="runScenario" time="23.336">
    <failure message="Unable to locate element: //input[@type=&apos;search&apos;]
For documentation on this error, please visit: https://selenium.dev/exceptions/#no_such_element
Build info: version: &apos;4.9.1&apos;, revision: &apos;eb2032df7f&apos;
System info: os.name: &apos;Windows 11&apos;, os.arch: &apos;amd64&apos;, os.version: &apos;10.0&apos;, java.version: &apos;11.0.14&apos;
Driver info: org.openqa.selenium.firefox.FirefoxDriver
Command: [d73f57a0-7297-4784-b283-a25dbf019fcd, findElement {using=xpath, value=//input[@type=&apos;search&apos;]}]
Capabilities {acceptInsecureCerts: true, browserName: firefox, browserVersion: 114.0, moz:accessibilityChecks: false, moz:buildID: 20230601151220, moz:debuggerAddress: 127.0.0.1:19431, moz:geckodriverVersion: 0.33.0, moz:headless: false, moz:platformVersion: 10.0, moz:processID: 23864, moz:profile: C:\Users\ashar\AppData\Loca..., moz:shutdownTimeout: 60000, moz:useNonSpecCompliantPointerOrigin: false, moz:webdriverClick: true, moz:windowless: false, pageLoadStrategy: normal, platformName: windows, proxy: Proxy(), se:cdp: ws://127.0.0.1:19431/devtoo..., se:cdpVersion: 85.0, setWindowRect: true, strictFileInteractability: false, timeouts: {implicit: 0, pageLoad: 300000, script: 30000}, unhandledPromptBehavior: dismiss and notify}
Session ID: d73f57a0-7297-4784-b283-a25dbf019fcd" type="org.openqa.selenium.NoSuchElementException">org.openqa.selenium.NoSuchElementException: Unable to locate element: //input[@type=&apos;search&apos;]
For documentation on this error, please visit: https://selenium.dev/exceptions/#no_such_element
Build info: version: &apos;4.9.1&apos;, revision: &apos;eb2032df7f&apos;
System info: os.name: &apos;Windows 11&apos;, os.arch: &apos;amd64&apos;, os.version: &apos;10.0&apos;, java.version: &apos;11.0.14&apos;
Driver info: org.openqa.selenium.firefox.FirefoxDriver
Command: [d73f57a0-7297-4784-b283-a25dbf019fcd, findElement {using=xpath, value=//input[@type=&apos;search&apos;]}]
Capabilities {acceptInsecureCerts: true, browserName: firefox, browserVersion: 114.0, moz:accessibilityChecks: false, moz:buildID: 20230601151220, moz:debuggerAddress: 127.0.0.1:19431, moz:geckodriverVersion: 0.33.0, moz:headless: false, moz:platformVersion: 10.0, moz:processID: 23864, moz:profile: C:\Users\ashar\AppData\Loca..., moz:shutdownTimeout: 60000, moz:useNonSpecCompliantPointerOrigin: false, moz:webdriverClick: true, moz:windowless: false, pageLoadStrategy: normal, platformName: windows, proxy: Proxy(), se:cdp: ws://127.0.0.1:19431/devtoo..., se:cdpVersion: 85.0, setWindowRect: true, strictFileInteractability: false, timeouts: {implicit: 0, pageLoad: 300000, script: 30000}, unhandledPromptBehavior: dismiss and notify}
Session ID: d73f57a0-7297-4784-b283-a25dbf019fcd
	at java.base/jdk.internal.reflect.NativeConstructorAccessorImpl.newInstance0(Native Method)
	at java.base/jdk.internal.reflect.NativeConstructorAccessorImpl.newInstance(NativeConstructorAccessorImpl.java:62)
	at java.base/jdk.internal.reflect.DelegatingConstructorAccessorImpl.newInstance(DelegatingConstructorAccessorImpl.java:45)
	at java.base/java.lang.reflect.Constructor.newInstance(Constructor.java:490)
	at org.openqa.selenium.remote.codec.w3c.W3CHttpResponseCodec.createException(W3CHttpResponseCodec.java:200)
	at org.openqa.selenium.remote.codec.w3c.W3CHttpResponseCodec.decode(W3CHttpResponseCodec.java:133)
	at org.openqa.selenium.remote.codec.w3c.W3CHttpResponseCodec.decode(W3CHttpResponseCodec.java:53)
	at org.openqa.selenium.remote.HttpCommandExecutor.execute(HttpCommandExecutor.java:193)
	at org.openqa.selenium.remote.service.DriverCommandExecutor.invokeExecute(DriverCommandExecutor.java:183)
	at org.openqa.selenium.remote.service.DriverCommandExecutor.execute(DriverCommandExecutor.java:158)
	at org.openqa.selenium.remote.RemoteWebDriver.execute(RemoteWebDriver.java:543)
	at org.openqa.selenium.remote.ElementLocation$ElementFinder$2.findElement(ElementLocation.java:162)
	at org.openqa.selenium.remote.ElementLocation.findElement(ElementLocation.java:60)
	at org.openqa.selenium.remote.RemoteWebDriver.findElement(RemoteWebDriver.java:352)
	at org.openqa.selenium.remote.RemoteWebDriver.findElement(RemoteWebDriver.java:344)
	at pageObjects.OffersPage.searchItem(OffersPage.java:18)
	at stepDefinitions.OffersPageStepDefinition.user_searches_for_same_product_on_offers_page_to_check_if_product_exists(OffersPageStepDefinition.java:40)
	at ✽.User searches for Beet on offers page to check if product exists(file:///C:/Users/ashar/IdeaProjects/CucumberFrameworkBuilding/src/test/java/features/searchProduct.feature:7)
</failure>
    <system-err>JavaScript error: resource://services-settings/Utils.sys.mjs, line 229: TypeError: NetworkError: Network request failed
</system-err>
  </testcase>
</testsuite>